<?xml version="1.0" encoding="UTF-8"?>
<testng-results ignored="0" total="1" passed="1" failed="0" skipped="0">
  <reporter-output>
  </reporter-output>
  <suite started-at="2021-06-08T16:26:46 IST" name="Default suite" finished-at="2021-06-08T16:28:21 IST" duration-ms="94566">
    <groups>
    </groups>
    <test started-at="2021-06-08T16:26:46 IST" name="Default test" finished-at="2021-06-08T16:28:21 IST" duration-ms="94566">
      <class name="tests.Shopping">
        <test-method is-config="true" signature="StartReport()[pri:0, instance:tests.Shopping@20d28811]" started-at="2021-06-08T16:26:46 IST" name="StartReport" finished-at="2021-06-08T16:26:47 IST" duration-ms="606" status="PASS">
          <reporter-output>
          </reporter-output>
        </test-method> <!-- StartReport -->
        <test-method is-config="true" signature="PreCondition()[pri:0, instance:tests.Shopping@20d28811]" started-at="2021-06-08T16:26:47 IST" name="PreCondition" finished-at="2021-06-08T16:27:00 IST" duration-ms="12995" status="PASS">
          <reporter-output>
          </reporter-output>
        </test-method> <!-- PreCondition -->
        <test-method signature="StateEdit()[pri:0, instance:tests.Shopping@20d28811]" started-at="2021-06-08T16:27:00 IST" name="StateEdit" finished-at="2021-06-08T16:28:21 IST" duration-ms="80919" status="PASS">
          <reporter-output>
          </reporter-output>
        </test-method> <!-- StateEdit -->
        <test-method is-config="true" signature="PostCondition(org.testng.ITestResult)[pri:0, instance:tests.Shopping@20d28811]" started-at="2021-06-08T16:28:21 IST" name="PostCondition" finished-at="2021-06-08T16:28:21 IST" duration-ms="4" status="PASS">
          <params>
            <param index="0">
              <value>
                <![CDATA[[TestResult name=StateEdit status=SUCCESS method=Shopping.StateEdit()[pri:0, instance:tests.Shopping@20d28811] output={null}]]]>
              </value>
            </param>
          </params>
          <reporter-output>
          </reporter-output>
        </test-method> <!-- PostCondition -->
        <test-method is-config="true" signature="afterSuite()[pri:0, instance:tests.Shopping@20d28811]" started-at="2021-06-08T16:28:21 IST" name="afterSuite" finished-at="2021-06-08T16:28:21 IST" duration-ms="384" status="PASS">
          <reporter-output>
          </reporter-output>
        </test-method> <!-- afterSuite -->
      </class> <!-- tests.Shopping -->
    </test> <!-- Default test -->
  </suite> <!-- Default suite -->
</testng-results>
