<?xml version="1.0" encoding="UTF-8"?>
<testng-results ignored="0" total="1" passed="1" failed="0" skipped="0">
  <reporter-output>
  </reporter-output>
  <suite started-at="2021-06-01T15:35:27 IST" name="Default suite" finished-at="2021-06-01T15:35:27 IST" duration-ms="52">
    <groups>
    </groups>
    <test started-at="2021-06-01T15:35:27 IST" name="Default test" finished-at="2021-06-01T15:35:27 IST" duration-ms="52">
      <class name="tests.TestNGAnnotations">
        <test-method is-config="true" signature="BeforeSuite()[pri:0, instance:tests.TestNGAnnotations@4b5a5ed1]" started-at="2021-06-01T15:35:27 IST" name="BeforeSuite" finished-at="2021-06-01T15:35:27 IST" duration-ms="39" status="PASS">
          <reporter-output>
          </reporter-output>
        </test-method> <!-- BeforeSuite -->
        <test-method is-config="true" signature="BeforeTest()[pri:0, instance:tests.TestNGAnnotations@4b5a5ed1]" started-at="2021-06-01T15:35:27 IST" name="BeforeTest" finished-at="2021-06-01T15:35:27 IST" duration-ms="0" status="PASS">
          <reporter-output>
          </reporter-output>
        </test-method> <!-- BeforeTest -->
        <test-method is-config="true" signature="BeforeClass()[pri:0, instance:tests.TestNGAnnotations@4b5a5ed1]" started-at="2021-06-01T15:35:27 IST" name="BeforeClass" finished-at="2021-06-01T15:35:27 IST" duration-ms="1" status="PASS">
          <reporter-output>
          </reporter-output>
        </test-method> <!-- BeforeClass -->
        <test-method is-config="true" signature="BeforeMethod()[pri:0, instance:tests.TestNGAnnotations@4b5a5ed1]" started-at="2021-06-01T15:35:27 IST" name="BeforeMethod" finished-at="2021-06-01T15:35:27 IST" duration-ms="1" status="PASS">
          <reporter-output>
          </reporter-output>
        </test-method> <!-- BeforeMethod -->
        <test-method signature="test()[pri:0, instance:tests.TestNGAnnotations@4b5a5ed1]" started-at="2021-06-01T15:35:27 IST" name="test" finished-at="2021-06-01T15:35:27 IST" duration-ms="7" status="PASS">
          <reporter-output>
          </reporter-output>
        </test-method> <!-- test -->
        <test-method is-config="true" signature="AfterMethod()[pri:0, instance:tests.TestNGAnnotations@4b5a5ed1]" started-at="2021-06-01T15:35:27 IST" name="AfterMethod" finished-at="2021-06-01T15:35:27 IST" duration-ms="0" status="PASS">
          <reporter-output>
          </reporter-output>
        </test-method> <!-- AfterMethod -->
        <test-method is-config="true" signature="AfterClass()[pri:0, instance:tests.TestNGAnnotations@4b5a5ed1]" started-at="2021-06-01T15:35:27 IST" name="AfterClass" finished-at="2021-06-01T15:35:27 IST" duration-ms="0" status="PASS">
          <reporter-output>
          </reporter-output>
        </test-method> <!-- AfterClass -->
        <test-method is-config="true" signature="AfterTest()[pri:0, instance:tests.TestNGAnnotations@4b5a5ed1]" started-at="2021-06-01T15:35:27 IST" name="AfterTest" finished-at="2021-06-01T15:35:27 IST" duration-ms="1" status="PASS">
          <reporter-output>
          </reporter-output>
        </test-method> <!-- AfterTest -->
        <test-method is-config="true" signature="AfterSuite()[pri:0, instance:tests.TestNGAnnotations@4b5a5ed1]" started-at="2021-06-01T15:35:27 IST" name="AfterSuite" finished-at="2021-06-01T15:35:27 IST" duration-ms="0" status="PASS">
          <reporter-output>
          </reporter-output>
        </test-method> <!-- AfterSuite -->
      </class> <!-- tests.TestNGAnnotations -->
    </test> <!-- Default test -->
  </suite> <!-- Default suite -->
</testng-results>
